[INFO  - 2017-07-17T19:13:37.239Z] GhostDriver - Main - running on port 21885
[INFO  - 2017-07-17T19:13:39.410Z] Session [0a4e5570-6b24-11e7-a5f0-efda41c91796] - page.settings - {"XSSAuditingEnabled":false,"javascriptCanCloseWindows":true,"javascriptCanOpenWindows":true,"javascriptEnabled":true,"loadImages":true,"localToRemoteUrlAccessEnabled":false,"userAgent":"Mozilla/5.0 (Windows NT 6.2; WOW64) AppleWebKit/538.1 (KHTML, like Gecko) PhantomJS/2.1.1 Safari/538.1","webSecurityEnabled":true}
[INFO  - 2017-07-17T19:13:39.418Z] Session [0a4e5570-6b24-11e7-a5f0-efda41c91796] - page.customHeaders:  - {}
[INFO  - 2017-07-17T19:13:39.419Z] Session [0a4e5570-6b24-11e7-a5f0-efda41c91796] - Session.negotiatedCapabilities - {"browserName":"phantomjs","version":"2.1.1","driverName":"ghostdriver","driverVersion":"1.2.0","platform":"windows-10-32bit","javascriptEnabled":true,"takesScreenshot":true,"handlesAlerts":false,"databaseEnabled":false,"locationContextEnabled":false,"applicationCacheEnabled":false,"browserConnectionEnabled":false,"cssSelectorsEnabled":true,"webStorageEnabled":false,"rotatable":false,"acceptSslCerts":false,"nativeEvents":true,"proxy":{"proxyType":"direct"}}
[INFO  - 2017-07-17T19:13:39.420Z] SessionManagerReqHand - _postNewSessionCommand - New Session Created: 0a4e5570-6b24-11e7-a5f0-efda41c91796
[INFO  - 2017-07-17T19:14:38.126Z] ShutdownReqHand - _handle - About to shutdown
[INFO  - 2017-07-17T19:14:59.366Z] GhostDriver - Main - running on port 31361
[INFO  - 2017-07-17T19:15:00.205Z] Session [3a76ac20-6b24-11e7-9041-97131857e707] - page.settings - {"XSSAuditingEnabled":false,"javascriptCanCloseWindows":true,"javascriptCanOpenWindows":true,"javascriptEnabled":true,"loadImages":true,"localToRemoteUrlAccessEnabled":false,"userAgent":"Mozilla/5.0 (Windows NT 6.2; WOW64) AppleWebKit/538.1 (KHTML, like Gecko) PhantomJS/2.1.1 Safari/538.1","webSecurityEnabled":true}
[INFO  - 2017-07-17T19:15:00.206Z] Session [3a76ac20-6b24-11e7-9041-97131857e707] - page.customHeaders:  - {}
[INFO  - 2017-07-17T19:15:00.207Z] Session [3a76ac20-6b24-11e7-9041-97131857e707] - Session.negotiatedCapabilities - {"browserName":"phantomjs","version":"2.1.1","driverName":"ghostdriver","driverVersion":"1.2.0","platform":"windows-10-32bit","javascriptEnabled":true,"takesScreenshot":true,"handlesAlerts":false,"databaseEnabled":false,"locationContextEnabled":false,"applicationCacheEnabled":false,"browserConnectionEnabled":false,"cssSelectorsEnabled":true,"webStorageEnabled":false,"rotatable":false,"acceptSslCerts":false,"nativeEvents":true,"proxy":{"proxyType":"direct"}}
[INFO  - 2017-07-17T19:15:00.207Z] SessionManagerReqHand - _postNewSessionCommand - New Session Created: 3a76ac20-6b24-11e7-9041-97131857e707
[INFO  - 2017-07-17T19:15:57.625Z] ShutdownReqHand - _handle - About to shutdown
[INFO  - 2017-07-19T20:01:28.608Z] GhostDriver - Main - running on port 46570
[INFO  - 2017-07-19T20:01:29.814Z] Session [0e0692a0-6cbd-11e7-ab8f-4f1db323543a] - page.settings - {"XSSAuditingEnabled":false,"javascriptCanCloseWindows":true,"javascriptCanOpenWindows":true,"javascriptEnabled":true,"loadImages":true,"localToRemoteUrlAccessEnabled":false,"userAgent":"Mozilla/5.0 (Windows NT 6.2; WOW64) AppleWebKit/538.1 (KHTML, like Gecko) PhantomJS/2.1.1 Safari/538.1","webSecurityEnabled":true}
[INFO  - 2017-07-19T20:01:29.815Z] Session [0e0692a0-6cbd-11e7-ab8f-4f1db323543a] - page.customHeaders:  - {}
[INFO  - 2017-07-19T20:01:29.816Z] Session [0e0692a0-6cbd-11e7-ab8f-4f1db323543a] - Session.negotiatedCapabilities - {"browserName":"phantomjs","version":"2.1.1","driverName":"ghostdriver","driverVersion":"1.2.0","platform":"windows-10-32bit","javascriptEnabled":true,"takesScreenshot":true,"handlesAlerts":false,"databaseEnabled":false,"locationContextEnabled":false,"applicationCacheEnabled":false,"browserConnectionEnabled":false,"cssSelectorsEnabled":true,"webStorageEnabled":false,"rotatable":false,"acceptSslCerts":false,"nativeEvents":true,"proxy":{"proxyType":"direct"}}
[INFO  - 2017-07-19T20:01:29.816Z] SessionManagerReqHand - _postNewSessionCommand - New Session Created: 0e0692a0-6cbd-11e7-ab8f-4f1db323543a
[INFO  - 2017-07-19T20:01:56.562Z] ShutdownReqHand - _handle - About to shutdown
[INFO  - 2017-07-19T21:15:48.167Z] GhostDriver - Main - running on port 20356
[INFO  - 2017-07-19T21:15:49.187Z] Session [7004bd60-6cc7-11e7-a6e0-9f53d4bc731a] - page.settings - {"XSSAuditingEnabled":false,"javascriptCanCloseWindows":true,"javascriptCanOpenWindows":true,"javascriptEnabled":true,"loadImages":true,"localToRemoteUrlAccessEnabled":false,"userAgent":"Mozilla/5.0 (Windows NT 6.2; WOW64) AppleWebKit/538.1 (KHTML, like Gecko) PhantomJS/2.1.1 Safari/538.1","webSecurityEnabled":true}
[INFO  - 2017-07-19T21:15:49.188Z] Session [7004bd60-6cc7-11e7-a6e0-9f53d4bc731a] - page.customHeaders:  - {}
[INFO  - 2017-07-19T21:15:49.189Z] Session [7004bd60-6cc7-11e7-a6e0-9f53d4bc731a] - Session.negotiatedCapabilities - {"browserName":"phantomjs","version":"2.1.1","driverName":"ghostdriver","driverVersion":"1.2.0","platform":"windows-10-32bit","javascriptEnabled":true,"takesScreenshot":true,"handlesAlerts":false,"databaseEnabled":false,"locationContextEnabled":false,"applicationCacheEnabled":false,"browserConnectionEnabled":false,"cssSelectorsEnabled":true,"webStorageEnabled":false,"rotatable":false,"acceptSslCerts":false,"nativeEvents":true,"proxy":{"proxyType":"direct"}}
[INFO  - 2017-07-19T21:15:49.189Z] SessionManagerReqHand - _postNewSessionCommand - New Session Created: 7004bd60-6cc7-11e7-a6e0-9f53d4bc731a
[ERROR - 2017-07-19T21:16:03.385Z] WebElementLocator - _handleLocateCommand - Element(s) NOT Found: GAVE UP. Search Stop Time: 1500498963366
[INFO  - 2017-07-19T21:16:04.332Z] ShutdownReqHand - _handle - About to shutdown
[INFO  - 2017-07-19T21:19:41.238Z] GhostDriver - Main - running on port 1327
[INFO  - 2017-07-19T21:19:42.041Z] Session [facfbee0-6cc7-11e7-b502-81784c06bfe7] - page.settings - {"XSSAuditingEnabled":false,"javascriptCanCloseWindows":true,"javascriptCanOpenWindows":true,"javascriptEnabled":true,"loadImages":true,"localToRemoteUrlAccessEnabled":false,"userAgent":"Mozilla/5.0 (Windows NT 6.2; WOW64) AppleWebKit/538.1 (KHTML, like Gecko) PhantomJS/2.1.1 Safari/538.1","webSecurityEnabled":true}
[INFO  - 2017-07-19T21:19:42.042Z] Session [facfbee0-6cc7-11e7-b502-81784c06bfe7] - page.customHeaders:  - {}
[INFO  - 2017-07-19T21:19:42.042Z] Session [facfbee0-6cc7-11e7-b502-81784c06bfe7] - Session.negotiatedCapabilities - {"browserName":"phantomjs","version":"2.1.1","driverName":"ghostdriver","driverVersion":"1.2.0","platform":"windows-10-32bit","javascriptEnabled":true,"takesScreenshot":true,"handlesAlerts":false,"databaseEnabled":false,"locationContextEnabled":false,"applicationCacheEnabled":false,"browserConnectionEnabled":false,"cssSelectorsEnabled":true,"webStorageEnabled":false,"rotatable":false,"acceptSslCerts":false,"nativeEvents":true,"proxy":{"proxyType":"direct"}}
[INFO  - 2017-07-19T21:19:42.044Z] SessionManagerReqHand - _postNewSessionCommand - New Session Created: facfbee0-6cc7-11e7-b502-81784c06bfe7
[INFO  - 2017-07-19T21:20:14.879Z] ShutdownReqHand - _handle - About to shutdown
[INFO  - 2017-07-19T21:21:29.717Z] GhostDriver - Main - running on port 20594
[INFO  - 2017-07-19T21:21:30.800Z] Session [3ba30d50-6cc8-11e7-a6ff-4bdd8389aa07] - page.settings - {"XSSAuditingEnabled":false,"javascriptCanCloseWindows":true,"javascriptCanOpenWindows":true,"javascriptEnabled":true,"loadImages":true,"localToRemoteUrlAccessEnabled":false,"userAgent":"Mozilla/5.0 (Windows NT 6.2; WOW64) AppleWebKit/538.1 (KHTML, like Gecko) PhantomJS/2.1.1 Safari/538.1","webSecurityEnabled":true}
[INFO  - 2017-07-19T21:21:30.801Z] Session [3ba30d50-6cc8-11e7-a6ff-4bdd8389aa07] - page.customHeaders:  - {}
[INFO  - 2017-07-19T21:21:30.801Z] Session [3ba30d50-6cc8-11e7-a6ff-4bdd8389aa07] - Session.negotiatedCapabilities - {"browserName":"phantomjs","version":"2.1.1","driverName":"ghostdriver","driverVersion":"1.2.0","platform":"windows-10-32bit","javascriptEnabled":true,"takesScreenshot":true,"handlesAlerts":false,"databaseEnabled":false,"locationContextEnabled":false,"applicationCacheEnabled":false,"browserConnectionEnabled":false,"cssSelectorsEnabled":true,"webStorageEnabled":false,"rotatable":false,"acceptSslCerts":false,"nativeEvents":true,"proxy":{"proxyType":"direct"}}
[INFO  - 2017-07-19T21:21:30.802Z] SessionManagerReqHand - _postNewSessionCommand - New Session Created: 3ba30d50-6cc8-11e7-a6ff-4bdd8389aa07
[INFO  - 2017-07-19T21:22:13.959Z] ShutdownReqHand - _handle - About to shutdown
